2025-05-25 06:01:14,535 INFO: ================================================================================ [in /app/app/services/airtable_service.py:451]
2025-05-25 06:01:14,539 INFO: After manually adding 'segsgsgegs43gge' to the Subsystem field options: [in /app/app/services/airtable_service.py:452]
2025-05-25 06:01:14,539 INFO:  [in /app/app/services/airtable_service.py:453]
2025-05-25 06:01:14,539 INFO: STEP 2: Update the Record [in /app/app/services/airtable_service.py:454]
2025-05-25 06:01:14,540 INFO: 1. You can now update record recBPlee6KMtchSVH programmatically [in /app/app/services/airtable_service.py:455]
2025-05-25 06:01:14,540 INFO: 2. Call the update_record_with_subsystem() function: [in /app/app/services/airtable_service.py:456]
2025-05-25 06:01:14,540 INFO:    update_record_with_subsystem('recBPlee6KMtchSVH', 'segsgsgegs43gge') [in /app/app/services/airtable_service.py:457]
2025-05-25 06:01:14,540 INFO:  [in /app/app/services/airtable_service.py:458]
2025-05-25 06:01:14,541 INFO: OR update manually in Airtable: [in /app/app/services/airtable_service.py:459]
2025-05-25 06:01:14,541 INFO: 1. Open the record with ID: recBPlee6KMtchSVH [in /app/app/services/airtable_service.py:460]
2025-05-25 06:01:14,541 INFO: 2. Set the 'Subsystem' field to: segsgsgegs43gge [in /app/app/services/airtable_service.py:461]
2025-05-25 06:01:14,541 INFO: 3. Save the record [in /app/app/services/airtable_service.py:462]
2025-05-25 06:01:14,542 INFO: ================================================================================ [in /app/app/services/airtable_service.py:463]
2025-05-25 06:01:14,542 INFO: Part 33 synced to Airtable. Record ID: recBPlee6KMtchSVH [in /app/app/routes.py:463]
2025-05-25 06:23:01,002 INFO: BroncoPartsV2 application starting up [in /app/app/__init__.py:76]
2025-05-25 06:23:01,507 INFO: BroncoPartsV2 application starting up [in /app/app/__init__.py:76]
2025-05-25 06:23:02,083 INFO: BroncoPartsV2 application starting up [in /app/app/__init__.py:76]
2025-05-24 23:35:23,893 INFO: BroncoPartsV2 application starting up [in /Users/kyro64/Documents/broncoparts/BroncoPartsV2/backend/app/__init__.py:76]
2025-05-24 23:35:36,127 INFO: BroncoPartsV2 application starting up [in /Users/kyro64/Documents/broncoparts/BroncoPartsV2/backend/app/__init__.py:76]
2025-05-24 23:36:12,760 INFO: BroncoPartsV2 application starting up [in /Users/kyro64/Documents/broncoparts/BroncoPartsV2/backend/app/__init__.py:76]
2025-05-24 23:36:21,858 INFO: BroncoPartsV2 application starting up [in /Users/kyro64/Documents/broncoparts/BroncoPartsV2/backend/app/__init__.py:76]
2025-05-24 23:36:21,858 INFO: BroncoPartsV2 application starting up [in /Users/kyro64/Documents/broncoparts/BroncoPartsV2/backend/app/__init__.py:76]
2025-05-24 23:43:38,468 INFO: BroncoPartsV2 application starting up [in /Users/kyro64/Documents/broncoparts/BroncoPartsV2/backend/app/__init__.py:76]
2025-05-24 23:43:43,200 INFO: BroncoPartsV2 application starting up [in /Users/kyro64/Documents/broncoparts/BroncoPartsV2/backend/app/__init__.py:76]
2025-05-24 23:43:43,200 INFO: BroncoPartsV2 application starting up [in /Users/kyro64/Documents/broncoparts/BroncoPartsV2/backend/app/__init__.py:76]
2025-05-25 06:44:24,831 INFO: BroncoPartsV2 application starting up [in /app/app/__init__.py:76]
2025-05-25 06:44:25,366 INFO: BroncoPartsV2 application starting up [in /app/app/__init__.py:76]
2025-05-25 06:44:25,996 INFO: BroncoPartsV2 application starting up [in /app/app/__init__.py:76]
2025-05-25 06:44:36,007 INFO: User with email admin@example.com (username: admin) logged in successfully. [in /app/app/routes.py:1069]
2025-05-25 06:53:38,454 INFO: BroncoPartsV2 application starting up [in /app/app/__init__.py:76]
2025-05-25 06:53:39,006 INFO: BroncoPartsV2 application starting up [in /app/app/__init__.py:76]
2025-05-25 06:53:39,653 INFO: BroncoPartsV2 application starting up [in /app/app/__init__.py:76]
2025-05-25 06:53:40,528 INFO: BroncoPartsV2 application starting up [in /app/app/__init__.py:76]
2025-05-25 06:53:41,808 INFO: BroncoPartsV2 application starting up [in /app/app/__init__.py:76]
2025-05-25 06:53:43,883 INFO: BroncoPartsV2 application starting up [in /app/app/__init__.py:76]
2025-05-25 06:53:47,563 INFO: BroncoPartsV2 application starting up [in /app/app/__init__.py:76]
2025-05-25 06:53:54,466 INFO: BroncoPartsV2 application starting up [in /app/app/__init__.py:76]
2025-05-25 06:54:07,751 INFO: BroncoPartsV2 application starting up [in /app/app/__init__.py:76]
2025-05-25 06:54:33,837 INFO: BroncoPartsV2 application starting up [in /app/app/__init__.py:76]
2025-05-25 06:54:52,282 INFO: BroncoPartsV2 application starting up [in /app/app/__init__.py:76]
2025-05-25 06:54:52,820 INFO: BroncoPartsV2 application starting up [in /app/app/__init__.py:76]
2025-05-25 06:54:53,371 INFO: BroncoPartsV2 application starting up [in /app/app/__init__.py:76]
2025-05-25 06:56:43,185 INFO: BroncoPartsV2 application starting up [in /app/app/__init__.py:76]
2025-05-25 06:56:43,705 INFO: BroncoPartsV2 application starting up [in /app/app/__init__.py:76]
2025-05-25 06:56:44,242 INFO: BroncoPartsV2 application starting up [in /app/app/__init__.py:76]
